{"uuid":"7015924f-aade-452a-816d-91355a3ba33b","historyId":"375d4114950ca77532e1fe095c5d3ff5","fullName":"TestPackage.TestClass.test","labels":[{"name":"package","value":"TestPackage.TestClass"},{"name":"testClass","value":"TestPackage.TestClass"},{"name":"testMethod","value":"test"},{"name":"parentSuite","value":"Suite"},{"name":"suite","value":"ShgardiUiWithShift"},{"name":"subSuite","value":"TestPackage.TestClass"},{"name":"host","value":"DESKTOP-9V79JR0"},{"name":"thread","value":"1272@DESKTOP-9V79JR0.main(1)"},{"name":"framework","value":"testng"},{"name":"language","value":"java"}],"links":[],"name":"test","status":"failed","statusDetails":{"known":false,"muted":false,"flaky":false,"message":"Failed to Tap \"By.id: tvSkip\".","trace":"java.lang.AssertionError: Failed to Tap \"By.id: tvSkip\".\r\n\tat org.testng.Assert.fail(Assert.java:98)\r\n\tat io.github.shafthq.shaft.gui.element.ElementActionsHelper.failAction(ElementActionsHelper.java:779)\r\n\tat io.github.shafthq.shaft.gui.element.ElementActionsHelper.failAction(ElementActionsHelper.java:714)\r\n\tat com.shaft.gui.element.TouchActions.tap(TouchActions.java:177)\r\n\tat com.shaft.gui.element.ElementActions.click(ElementActions.java:79)\r\n\tat io.github.shafthq.shaft.gui.element.FluentElementActions.click(FluentElementActions.java:85)\r\n\tat com.mobile.pages.UserLoginPage.loginUser(UserLoginPage.java:37)\r\n\tat TestPackage.TestClass.test(TestClass.java:20)\r\n\tat java.base/jdk.internal.reflect.DirectMethodHandleAccessor.invoke(DirectMethodHandleAccessor.java:104)\r\n\tat java.base/java.lang.reflect.Method.invoke(Method.java:577)\r\n\tat org.testng.internal.invokers.MethodInvocationHelper.invokeMethod(MethodInvocationHelper.java:139)\r\n\tat org.testng.internal.invokers.TestInvoker.invokeMethod(TestInvoker.java:677)\r\n\tat org.testng.internal.invokers.TestInvoker.invokeTestMethod(TestInvoker.java:221)\r\n\tat org.testng.internal.invokers.MethodRunner.runInSequence(MethodRunner.java:50)\r\n\tat org.testng.internal.invokers.TestInvoker$MethodInvocationAgent.invoke(TestInvoker.java:969)\r\n\tat org.testng.internal.invokers.TestInvoker.invokeTestMethods(TestInvoker.java:194)\r\n\tat org.testng.internal.invokers.TestMethodWorker.invokeTestMethods(TestMethodWorker.java:148)\r\n\tat org.testng.internal.invokers.TestMethodWorker.run(TestMethodWorker.java:128)\r\n\tat java.base/java.util.ArrayList.forEach(ArrayList.java:1511)\r\n\tat org.testng.TestRunner.privateRun(TestRunner.java:829)\r\n\tat org.testng.TestRunner.run(TestRunner.java:602)\r\n\tat org.testng.SuiteRunner.runTest(SuiteRunner.java:437)\r\n\tat org.testng.SuiteRunner.runSequentially(SuiteRunner.java:431)\r\n\tat org.testng.SuiteRunner.privateRun(SuiteRunner.java:391)\r\n\tat org.testng.SuiteRunner.run(SuiteRunner.java:330)\r\n\tat org.testng.SuiteRunnerWorker.runSuite(SuiteRunnerWorker.java:52)\r\n\tat org.testng.SuiteRunnerWorker.run(SuiteRunnerWorker.java:95)\r\n\tat org.testng.TestNG.runSuitesSequentially(TestNG.java:1256)\r\n\tat org.testng.TestNG.runSuitesLocally(TestNG.java:1176)\r\n\tat org.testng.TestNG.runSuites(TestNG.java:1099)\r\n\tat org.testng.TestNG.run(TestNG.java:1067)\r\n\tat com.intellij.rt.testng.IDEARemoteTestNG.run(IDEARemoteTestNG.java:66)\r\n\tat com.intellij.rt.testng.RemoteTestNGStarter.main(RemoteTestNGStarter.java:109)\r\nCaused by: java.lang.AssertionError: Failed to Tap \"By.id: tvSkip\".\r\n\tat org.testng.Assert.fail(Assert.java:98)\r\n\tat io.github.shafthq.shaft.gui.element.ElementActionsHelper.failAction(ElementActionsHelper.java:779)\r\n\tat io.github.shafthq.shaft.gui.element.ElementActionsHelper.failAction(ElementActionsHelper.java:714)\r\n\tat com.shaft.gui.element.TouchActions.tap(TouchActions.java:169)\r\n\t... 29 more\r\nCaused by: java.lang.IllegalArgumentException: Input must be set\r\n\tat org.openqa.selenium.internal.Require.nonNull(Require.java:59)\r\n\tat org.openqa.selenium.support.ui.FluentWait.<init>(FluentWait.java:97)\r\n\tat org.openqa.selenium.support.ui.FluentWait.<init>(FluentWait.java:88)\r\n\tat io.github.shafthq.shaft.gui.element.ElementActionsHelper.waitForElementPresence(ElementActionsHelper.java:131)\r\n\tat io.github.shafthq.shaft.gui.element.ElementActionsHelper.waitForElementPresence(ElementActionsHelper.java:61)\r\n\tat io.github.shafthq.shaft.gui.element.ElementActionsHelper.getMatchingElementsInformation(ElementActionsHelper.java:650)\r\n\tat io.github.shafthq.shaft.gui.element.ElementActionsHelper.identifyUniqueElement(ElementActionsHelper.java:606)\r\n\tat io.github.shafthq.shaft.gui.element.ElementActionsHelper.identifyUniqueElement(ElementActionsHelper.java:597)\r\n\tat com.shaft.gui.element.TouchActions.tap(TouchActions.java:167)\r\n\t... 29 more\r\n"},"stage":"finished","steps":[{"name":"Failed to Tap \"By.id: tvSkip\".","status":"passed","stage":"finished","steps":[],"attachments":[{"name":"Element Action Exception - Tap - Stacktrace","source":"f80c0077-bed5-404e-8f92-768c6280f8a2-attachment"}],"parameters":[{"name":"logText","value":"Failed to Tap \"By.id: tvSkip\"."},{"name":"attachments","value":"[[Element Action Exception - Tap, Stacktrace, java.lang.IllegalArgumentException: Input must be set\r\n\torg.openqa.selenium.internal.Require.nonNull(Require.java:59)\r\n\torg.openqa.selenium.support.ui.FluentWait.<init>(FluentWait.java:97)\r\n\torg.openqa.selenium.support.ui.FluentWait.<init>(FluentWait.java:88)\r\n\tio.github.shafthq.shaft.gui.element.ElementActionsHelper.waitForElementPresence(ElementActionsHelper.java:131)\r\n\tio.github.shafthq.shaft.gui.element.ElementActionsHelper.waitForElementPresence(ElementActionsHelper.java:61)\r\n\tio.github.shafthq.shaft.gui.element.ElementActionsHelper.getMatchingElementsInformation(ElementActionsHelper.java:650)\r\n\tio.github.shafthq.shaft.gui.element.ElementActionsHelper.identifyUniqueElement(ElementActionsHelper.java:606)\r\n\tio.github.shafthq.shaft.gui.element.ElementActionsHelper.identifyUniqueElement(ElementActionsHelper.java:597)\r\n\tcom.shaft.gui.element.TouchActions.tap(TouchActions.java:167)\r\n\tcom.shaft.gui.element.ElementActions.click(ElementActions.java:79)\r\n\tio.github.shafthq.shaft.gui.element.FluentElementActions.click(FluentElementActions.java:85)\r\n\tcom.mobile.pages.UserLoginPage.loginUser(UserLoginPage.java:37)\r\n\tTestPackage.TestClass.test(TestClass.java:20)\r\n\tjava.base/jdk.internal.reflect.DirectMethodHandleAccessor.invoke(DirectMethodHandleAccessor.java:104)\r\n\tjava.base/java.lang.reflect.Method.invoke(Method.java:577)\r\n\torg.testng.internal.invokers.MethodInvocationHelper.invokeMethod(MethodInvocationHelper.java:139)\r\n\torg.testng.internal.invokers.TestInvoker.invokeMethod(TestInvoker.java:677)\r\n\torg.testng.internal.invokers.TestInvoker.invokeTestMethod(TestInvoker.java:221)\r\n\torg.testng.internal.invokers.MethodRunner.runInSequence(MethodRunner.java:50)\r\n\torg.testng.internal.invokers.TestInvoker$MethodInvocationAgent.invoke(TestInvoker.java:969)\r\n\torg.testng.internal.invokers.TestInvoker.invokeTestMethods(TestInvoker.java:194)\r\n\torg.testng.internal.invokers.TestMethodWorker.invokeTestMethods(TestMethodWorker.java:148)\r\n\torg.testng.internal.invokers.TestMethodWorker.run(TestMethodWorker.java:128)\r\n\tjava.base/java.util.ArrayList.forEach(ArrayList.java:1511)\r\n\torg.testng.TestRunner.privateRun(TestRunner.java:829)\r\n\torg.testng.TestRunner.run(TestRunner.java:602)\r\n\torg.testng.SuiteRunner.runTest(SuiteRunner.java:437)\r\n\torg.testng.SuiteRunner.runSequentially(SuiteRunner.java:431)\r\n\torg.testng.SuiteRunner.privateRun(SuiteRunner.java:391)\r\n\torg.testng.SuiteRunner.run(SuiteRunner.java:330)\r\n\torg.testng.SuiteRunnerWorker.runSuite(SuiteRunnerWorker.java:52)\r\n\torg.testng.SuiteRunnerWorker.run(SuiteRunnerWorker.java:95)\r\n\torg.testng.TestNG.runSuitesSequentially(TestNG.java:1256)\r\n\torg.testng.TestNG.runSuitesLocally(TestNG.java:1176)\r\n\torg.testng.TestNG.runSuites(TestNG.java:1099)\r\n\torg.testng.TestNG.run(TestNG.java:1067)\r\n\tcom.intellij.rt.testng.IDEARemoteTestNG.run(IDEARemoteTestNG.java:66)\r\n\tcom.intellij.rt.testng.RemoteTestNGStarter.main(RemoteTestNGStarter.java:109)\r\n]]"}],"start":1675960358781,"stop":1675960358788},{"name":"Failed to Tap \"By.id: tvSkip\".","status":"passed","stage":"finished","steps":[],"attachments":[{"name":"Element Action Exception - Tap - Stacktrace","source":"06d38cfe-d615-4f4a-89cc-ce293c24b29a-attachment"}],"parameters":[{"name":"logText","value":"Failed to Tap \"By.id: tvSkip\"."},{"name":"attachments","value":"[[Element Action Exception - Tap, Stacktrace, java.lang.AssertionError: Failed to Tap \"By.id: tvSkip\".\r\n\torg.testng.Assert.fail(Assert.java:98)\r\n\tio.github.shafthq.shaft.gui.element.ElementActionsHelper.failAction(ElementActionsHelper.java:779)\r\n\tio.github.shafthq.shaft.gui.element.ElementActionsHelper.failAction(ElementActionsHelper.java:714)\r\n\tcom.shaft.gui.element.TouchActions.tap(TouchActions.java:169)\r\n\tcom.shaft.gui.element.ElementActions.click(ElementActions.java:79)\r\n\tio.github.shafthq.shaft.gui.element.FluentElementActions.click(FluentElementActions.java:85)\r\n\tcom.mobile.pages.UserLoginPage.loginUser(UserLoginPage.java:37)\r\n\tTestPackage.TestClass.test(TestClass.java:20)\r\n\tjava.base/jdk.internal.reflect.DirectMethodHandleAccessor.invoke(DirectMethodHandleAccessor.java:104)\r\n\tjava.base/java.lang.reflect.Method.invoke(Method.java:577)\r\n\torg.testng.internal.invokers.MethodInvocationHelper.invokeMethod(MethodInvocationHelper.java:139)\r\n\torg.testng.internal.invokers.TestInvoker.invokeMethod(TestInvoker.java:677)\r\n\torg.testng.internal.invokers.TestInvoker.invokeTestMethod(TestInvoker.java:221)\r\n\torg.testng.internal.invokers.MethodRunner.runInSequence(MethodRunner.java:50)\r\n\torg.testng.internal.invokers.TestInvoker$MethodInvocationAgent.invoke(TestInvoker.java:969)\r\n\torg.testng.internal.invokers.TestInvoker.invokeTestMethods(TestInvoker.java:194)\r\n\torg.testng.internal.invokers.TestMethodWorker.invokeTestMethods(TestMethodWorker.java:148)\r\n\torg.testng.internal.invokers.TestMethodWorker.run(TestMethodWorker.java:128)\r\n\tjava.base/java.util.ArrayList.forEach(ArrayList.java:1511)\r\n\torg.testng.TestRunner.privateRun(TestRunner.java:829)\r\n\torg.testng.TestRunner.run(TestRunner.java:602)\r\n\torg.testng.SuiteRunner.runTest(SuiteRunner.java:437)\r\n\torg.testng.SuiteRunner.runSequentially(SuiteRunner.java:431)\r\n\torg.testng.SuiteRunner.privateRun(SuiteRunner.java:391)\r\n\torg.testng.SuiteRunner.run(SuiteRunner.java:330)\r\n\torg.testng.SuiteRunnerWorker.runSuite(SuiteRunnerWorker.java:52)\r\n\torg.testng.SuiteRunnerWorker.run(SuiteRunnerWorker.java:95)\r\n\torg.testng.TestNG.runSuitesSequentially(TestNG.java:1256)\r\n\torg.testng.TestNG.runSuitesLocally(TestNG.java:1176)\r\n\torg.testng.TestNG.runSuites(TestNG.java:1099)\r\n\torg.testng.TestNG.run(TestNG.java:1067)\r\n\tcom.intellij.rt.testng.IDEARemoteTestNG.run(IDEARemoteTestNG.java:66)\r\n\tcom.intellij.rt.testng.RemoteTestNGStarter.main(RemoteTestNGStarter.java:109)\r\n\r\nCaused by: java.lang.IllegalArgumentException: Input must be set\r\n\torg.openqa.selenium.internal.Require.nonNull(Require.java:59)\r\n\torg.openqa.selenium.support.ui.FluentWait.<init>(FluentWait.java:97)\r\n\torg.openqa.selenium.support.ui.FluentWait.<init>(FluentWait.java:88)\r\n\tio.github.shafthq.shaft.gui.element.ElementActionsHelper.waitForElementPresence(ElementActionsHelper.java:131)\r\n\tio.github.shafthq.shaft.gui.element.ElementActionsHelper.waitForElementPresence(ElementActionsHelper.java:61)\r\n\tio.github.shafthq.shaft.gui.element.ElementActionsHelper.getMatchingElementsInformation(ElementActionsHelper.java:650)\r\n\tio.github.shafthq.shaft.gui.element.ElementActionsHelper.identifyUniqueElement(ElementActionsHelper.java:606)\r\n\tio.github.shafthq.shaft.gui.element.ElementActionsHelper.identifyUniqueElement(ElementActionsHelper.java:597)\r\n\tcom.shaft.gui.element.TouchActions.tap(TouchActions.java:167)\r\n\tcom.shaft.gui.element.ElementActions.click(ElementActions.java:79)\r\n\tio.github.shafthq.shaft.gui.element.FluentElementActions.click(FluentElementActions.java:85)\r\n\tcom.mobile.pages.UserLoginPage.loginUser(UserLoginPage.java:37)\r\n\tTestPackage.TestClass.test(TestClass.java:20)\r\n\tjava.base/jdk.internal.reflect.DirectMethodHandleAccessor.invoke(DirectMethodHandleAccessor.java:104)\r\n\tjava.base/java.lang.reflect.Method.invoke(Method.java:577)\r\n\torg.testng.internal.invokers.MethodInvocationHelper.invokeMethod(MethodInvocationHelper.java:139)\r\n\torg.testng.internal.invokers.TestInvoker.invokeMethod(TestInvoker.java:677)\r\n\torg.testng.internal.invokers.TestInvoker.invokeTestMethod(TestInvoker.java:221)\r\n\torg.testng.internal.invokers.MethodRunner.runInSequence(MethodRunner.java:50)\r\n\torg.testng.internal.invokers.TestInvoker$MethodInvocationAgent.invoke(TestInvoker.java:969)\r\n\torg.testng.internal.invokers.TestInvoker.invokeTestMethods(TestInvoker.java:194)\r\n\torg.testng.internal.invokers.TestMethodWorker.invokeTestMethods(TestMethodWorker.java:148)\r\n\torg.testng.internal.invokers.TestMethodWorker.run(TestMethodWorker.java:128)\r\n\tjava.base/java.util.ArrayList.forEach(ArrayList.java:1511)\r\n\torg.testng.TestRunner.privateRun(TestRunner.java:829)\r\n\torg.testng.TestRunner.run(TestRunner.java:602)\r\n\torg.testng.SuiteRunner.runTest(SuiteRunner.java:437)\r\n\torg.testng.SuiteRunner.runSequentially(SuiteRunner.java:431)\r\n\torg.testng.SuiteRunner.privateRun(SuiteRunner.java:391)\r\n\torg.testng.SuiteRunner.run(SuiteRunner.java:330)\r\n\torg.testng.SuiteRunnerWorker.runSuite(SuiteRunnerWorker.java:52)\r\n\torg.testng.SuiteRunnerWorker.run(SuiteRunnerWorker.java:95)\r\n\torg.testng.TestNG.runSuitesSequentially(TestNG.java:1256)\r\n\torg.testng.TestNG.runSuitesLocally(TestNG.java:1176)\r\n\torg.testng.TestNG.runSuites(TestNG.java:1099)\r\n\torg.testng.TestNG.run(TestNG.java:1067)\r\n\tcom.intellij.rt.testng.IDEARemoteTestNG.run(IDEARemoteTestNG.java:66)\r\n\tcom.intellij.rt.testng.RemoteTestNGStarter.main(RemoteTestNGStarter.java:109)\r\n]]"}],"start":1675960358792,"stop":1675960358794}],"attachments":[{"name":"SHAFT Engine Logs - Current Method log: test","source":"138309d8-0fcb-41c1-b0f8-404057fa4ea3-attachment.txt","type":"text/plain"}],"parameters":[{"name":"automationName","value":"UiAutomator2"},{"name":"executionAddress","value":"0.0.0.0:4723"},{"name":"targetOperatingSystem","value":"Android"}],"start":1675960358727,"stop":1675960358807}