
------------------------------------------------------------------------------------------------------------------------------------------------
                                        Starting Execution: '1 out of 1' test cases in the current suite                                        
                                                  Test Method: 'TestCases.RegisterTest.TC_002'                                                  
------------------------------------------------------------------------------------------------------------------------------------------------

[ReportManager] Moved the mouse to the middle of the element. @07-03-2024 16:13:35.0220 PM
[ReportManager] Click "No account?". @07-03-2024 16:13:35.0448 PM
[ReportManager] Type append "TaniaO-@gmail.com" into "mail@mail.com". @07-03-2024 16:13:36.0686 PM
[ReportManager] Select "Dr." from "By.name: name.personalTitle". @07-03-2024 16:13:37.0245 PM
[ReportManager] Type append "Hung" into "First Name". @07-03-2024 16:13:37.0333 PM
[ReportManager] Type append "D'Amore" into "Last Name". @07-03-2024 16:13:37.0390 PM
[ReportManager] Select "PhD" from "By.name: name.postNominalLetters". @07-03-2024 16:13:38.0262 PM
[ReportManager] Type append "P@ssw0rdP@ssw0rd" into "Password". @07-03-2024 16:13:38.0334 PM
[ReportManager] Type append "P@ssw0rdP@ssw0rd" into "Password one more time". @07-03-2024 16:13:38.0400 PM
[ReportManager] Click "Create account". @07-03-2024 16:13:38.0717 PM
[ReportManager] Waiting for element to be present; elementLocator "By.xpath: //p[@class="mb-8"]", isExpectedToBeVisible"true"... @07-03-2024 16:13:38.0719 PM
[ReportManager] org.openqa.selenium.TimeoutException: java.net.http.HttpTimeoutException: request timed out
Build info: version: '4.9.0', revision: 'd7057100a6'
System info: os.name: 'Windows 10', os.arch: 'amd64', os.version: '10.0', java.version: '19.0.2'
Driver info: org.openqa.selenium.firefox.FirefoxDriver
Command: [678eb700-f414-4408-bdef-7df2dac15542, fullPageScreenshot {}]
Capabilities {acceptInsecureCerts: true, browserName: firefox, browserVersion: 123.0, moz:accessibilityChecks: false, moz:buildID: 20240213221259, moz:debuggerAddress: 127.0.0.1:1386, moz:geckodriverVersion: 0.34.0, moz:headless: false, moz:platformVersion: 10.0, moz:processID: 21768, moz:profile: C:\Users\MOHAME~1.ABD\AppDa..., moz:shutdownTimeout: 60000, moz:webdriverClick: true, moz:windowless: false, pageLoadStrategy: eager, platformName: WINDOWS, proxy: Proxy(), se:cdp: ws://127.0.0.1:1386/devtool..., se:cdpVersion: 85.0, setWindowRect: true, strictFileInteractability: false, timeouts: {implicit: 0, pageLoad: 30000, script: 30000}, unhandledPromptBehavior: dismiss and notify, webSocketUrl: ws://127.0.0.1:1386/session...}
Session ID: 678eb700-f414-4408-bdef-7df2dac15542
 org.openqa.selenium.remote.http.jdk.JdkHttpClient.execute(JdkHttpClient.java:328)
 org.openqa.selenium.remote.HttpCommandExecutor.execute(HttpCommandExecutor.java:190)
 org.openqa.selenium.remote.service.DriverCommandExecutor.invokeExecute(DriverCommandExecutor.java:183)
 org.openqa.selenium.remote.service.DriverCommandExecutor.execute(DriverCommandExecutor.java:158)
 org.openqa.selenium.remote.RemoteWebDriver.execute(RemoteWebDriver.java:543)
 org.openqa.selenium.remote.RemoteWebDriver.execute(RemoteWebDriver.java:598)
 org.openqa.selenium.remote.RemoteWebDriver.execute(RemoteWebDriver.java:602)
 org.openqa.selenium.remote.RemoteExecuteMethod.execute(RemoteExecuteMethod.java:38)
 org.openqa.selenium.firefox.AddHasFullPageScreenshot$1.getFullPageScreenshotAs(AddHasFullPageScreenshot.java:66)
 org.openqa.selenium.firefox.FirefoxDriver.getFullPageScreenshotAs(FirefoxDriver.java:258)
 com.shaft.gui.internal.image.ScreenshotHelper.makeFullScreenshot(ScreenshotHelper.java:30)
 com.shaft.gui.internal.image.ScreenshotManager.takeFullPageScreenshot(ScreenshotManager.java:259)
 com.shaft.gui.internal.image.ScreenshotManager.takeScreenshot(ScreenshotManager.java:427)
 com.shaft.gui.internal.image.ScreenshotManager.internalCaptureScreenShot(ScreenshotManager.java:373)
 com.shaft.gui.internal.image.ScreenshotManager.captureScreenShot(ScreenshotManager.java:124)
 com.shaft.gui.element.internal.ElementActionsHelper.takeScreenshot(ElementActionsHelper.java:594)
 com.shaft.gui.element.internal.ElementActionsHelper.createReportAttachments(ElementActionsHelper.java:1018)
 com.shaft.gui.element.internal.ElementActionsHelper.reportActionResult(ElementActionsHelper.java:1056)
 com.shaft.gui.element.internal.ElementActionsHelper.failAction(ElementActionsHelper.java:957)
 com.shaft.gui.element.internal.ElementActionsHelper.failAction(ElementActionsHelper.java:899)
 com.shaft.gui.element.internal.FluentElementActions.waitToBeReady(FluentElementActions.java:1005)
 com.shaft.gui.element.internal.FluentElementActions.waitToBeReady(FluentElementActions.java:976)
 com.pages.RegisterPage.addAllData(RegisterPage.java:83)
 TestCases.RegisterTest.TC_002(RegisterTest.java:35)
 java.base/jdk.internal.reflect.DirectMethodHandleAccessor.invoke(DirectMethodHandleAccessor.java:104)
 java.base/java.lang.reflect.Method.invoke(Method.java:578)
 org.testng.internal.invokers.MethodInvocationHelper.invokeMethod(MethodInvocationHelper.java:139)
 org.testng.internal.invokers.TestInvoker.invokeMethod(TestInvoker.java:677)
 org.testng.internal.invokers.TestInvoker.invokeTestMethod(TestInvoker.java:221)
 org.testng.internal.invokers.MethodRunner.runInSequence(MethodRunner.java:50)
 org.testng.internal.invokers.TestInvoker$MethodInvocationAgent.invoke(TestInvoker.java:969)
 org.testng.internal.invokers.TestInvoker.invokeTestMethods(TestInvoker.java:194)
 org.testng.internal.invokers.TestMethodWorker.invokeTestMethods(TestMethodWorker.java:148)
 org.testng.internal.invokers.TestMethodWorker.run(TestMethodWorker.java:128)
 java.base/java.util.ArrayList.forEach(ArrayList.java:1511)
 org.testng.TestRunner.privateRun(TestRunner.java:829)
 org.testng.TestRunner.run(TestRunner.java:602)
 org.testng.SuiteRunner.runTest(SuiteRunner.java:437)
 org.testng.SuiteRunner.runSequentially(SuiteRunner.java:431)
 org.testng.SuiteRunner.privateRun(SuiteRunner.java:391)
 org.testng.SuiteRunner.run(SuiteRunner.java:330)
 org.testng.SuiteRunnerWorker.runSuite(SuiteRunnerWorker.java:52)
 org.testng.SuiteRunnerWorker.run(SuiteRunnerWorker.java:95)
 org.testng.TestNG.runSuitesSequentially(TestNG.java:1256)
 org.testng.TestNG.runSuitesLocally(TestNG.java:1176)
 org.testng.TestNG.runSuites(TestNG.java:1099)
 org.testng.TestNG.run(TestNG.java:1067)
 com.intellij.rt.testng.IDEARemoteTestNG.run(IDEARemoteTestNG.java:66)
 com.intellij.rt.testng.RemoteTestNGStarter.main(RemoteTestNGStarter.java:109)

Caused by: java.net.http.HttpTimeoutException: request timed out
 java.net.http/jdk.internal.net.http.HttpClientImpl.send(HttpClientImpl.java:844)
 java.net.http/jdk.internal.net.http.HttpClientFacade.send(HttpClientFacade.java:123)
 org.openqa.selenium.remote.http.jdk.JdkHttpClient.execute(JdkHttpClient.java:299)
 org.openqa.selenium.remote.HttpCommandExecutor.execute(HttpCommandExecutor.java:190)
 org.openqa.selenium.remote.service.DriverCommandExecutor.invokeExecute(DriverCommandExecutor.java:183)
 org.openqa.selenium.remote.service.DriverCommandExecutor.execute(DriverCommandExecutor.java:158)
 org.openqa.selenium.remote.RemoteWebDriver.execute(RemoteWebDriver.java:543)
 org.openqa.selenium.remote.RemoteWebDriver.execute(RemoteWebDriver.java:598)
 org.openqa.selenium.remote.RemoteWebDriver.execute(RemoteWebDriver.java:602)
 org.openqa.selenium.remote.RemoteExecuteMethod.execute(RemoteExecuteMethod.java:38)
 org.openqa.selenium.firefox.AddHasFullPageScreenshot$1.getFullPageScreenshotAs(AddHasFullPageScreenshot.java:66)
 org.openqa.selenium.firefox.FirefoxDriver.getFullPageScreenshotAs(FirefoxDriver.java:258)
 com.shaft.gui.internal.image.ScreenshotHelper.makeFullScreenshot(ScreenshotHelper.java:30)
 com.shaft.gui.internal.image.ScreenshotManager.takeFullPageScreenshot(ScreenshotManager.java:259)
 com.shaft.gui.internal.image.ScreenshotManager.takeScreenshot(ScreenshotManager.java:427)
 com.shaft.gui.internal.image.ScreenshotManager.internalCaptureScreenShot(ScreenshotManager.java:373)
 com.shaft.gui.internal.image.ScreenshotManager.captureScreenShot(ScreenshotManager.java:124)
 com.shaft.gui.element.internal.ElementActionsHelper.takeScreenshot(ElementActionsHelper.java:594)
 com.shaft.gui.element.internal.ElementActionsHelper.createReportAttachments(ElementActionsHelper.java:1018)
 com.shaft.gui.element.internal.ElementActionsHelper.reportActionResult(ElementActionsHelper.java:1056)
 com.shaft.gui.element.internal.ElementActionsHelper.failAction(ElementActionsHelper.java:957)
 com.shaft.gui.element.internal.ElementActionsHelper.failAction(ElementActionsHelper.java:899)
 com.shaft.gui.element.internal.FluentElementActions.waitToBeReady(FluentElementActions.java:1005)
 com.shaft.gui.element.internal.FluentElementActions.waitToBeReady(FluentElementActions.java:976)
 com.pages.RegisterPage.addAllData(RegisterPage.java:83)
 TestCases.RegisterTest.TC_002(RegisterTest.java:35)
 java.base/jdk.internal.reflect.DirectMethodHandleAccessor.invoke(DirectMethodHandleAccessor.java:104)
 java.base/java.lang.reflect.Method.invoke(Method.java:578)
 org.testng.internal.invokers.MethodInvocationHelper.invokeMethod(MethodInvocationHelper.java:139)
 org.testng.internal.invokers.TestInvoker.invokeMethod(TestInvoker.java:677)
 org.testng.internal.invokers.TestInvoker.invokeTestMethod(TestInvoker.java:221)
 org.testng.internal.invokers.MethodRunner.runInSequence(MethodRunner.java:50)
 org.testng.internal.invokers.TestInvoker$MethodInvocationAgent.invoke(TestInvoker.java:969)
 org.testng.internal.invokers.TestInvoker.invokeTestMethods(TestInvoker.java:194)
 org.testng.internal.invokers.TestMethodWorker.invokeTestMethods(TestMethodWorker.java:148)
 org.testng.internal.invokers.TestMethodWorker.run(TestMethodWorker.java:128)
 java.base/java.util.ArrayList.forEach(ArrayList.java:1511)
 org.testng.TestRunner.privateRun(TestRunner.java:829)
 org.testng.TestRunner.run(TestRunner.java:602)
 org.testng.SuiteRunner.runTest(SuiteRunner.java:437)
 org.testng.SuiteRunner.runSequentially(SuiteRunner.java:431)
 org.testng.SuiteRunner.privateRun(SuiteRunner.java:391)
 org.testng.SuiteRunner.run(SuiteRunner.java:330)
 org.testng.SuiteRunnerWorker.runSuite(SuiteRunnerWorker.java:52)
 org.testng.SuiteRunnerWorker.run(SuiteRunnerWorker.java:95)
 org.testng.TestNG.runSuitesSequentially(TestNG.java:1256)
 org.testng.TestNG.runSuitesLocally(TestNG.java:1176)
 org.testng.TestNG.runSuites(TestNG.java:1099)
 org.testng.TestNG.run(TestNG.java:1067)
 com.intellij.rt.testng.IDEARemoteTestNG.run(IDEARemoteTestNG.java:66)
 com.intellij.rt.testng.RemoteTestNGStarter.main(RemoteTestNGStarter.java:109) @07-03-2024 16:19:38.0748 PM
[ReportManager] org.openqa.selenium.TimeoutException: java.net.http.HttpTimeoutException: request timed out
Build info: version: '4.9.0', revision: 'd7057100a6'
System info: os.name: 'Windows 10', os.arch: 'amd64', os.version: '10.0', java.version: '19.0.2'
Driver info: org.openqa.selenium.firefox.FirefoxDriver
Command: [678eb700-f414-4408-bdef-7df2dac15542, screenshot {}]
Capabilities {acceptInsecureCerts: true, browserName: firefox, browserVersion: 123.0, moz:accessibilityChecks: false, moz:buildID: 20240213221259, moz:debuggerAddress: 127.0.0.1:1386, moz:geckodriverVersion: 0.34.0, moz:headless: false, moz:platformVersion: 10.0, moz:processID: 21768, moz:profile: C:\Users\MOHAME~1.ABD\AppDa..., moz:shutdownTimeout: 60000, moz:webdriverClick: true, moz:windowless: false, pageLoadStrategy: eager, platformName: WINDOWS, proxy: Proxy(), se:cdp: ws://127.0.0.1:1386/devtool..., se:cdpVersion: 85.0, setWindowRect: true, strictFileInteractability: false, timeouts: {implicit: 0, pageLoad: 30000, script: 30000}, unhandledPromptBehavior: dismiss and notify, webSocketUrl: ws://127.0.0.1:1386/session...}
Session ID: 678eb700-f414-4408-bdef-7df2dac15542
 org.openqa.selenium.remote.http.jdk.JdkHttpClient.execute(JdkHttpClient.java:328)
 org.openqa.selenium.remote.HttpCommandExecutor.execute(HttpCommandExecutor.java:190)
 org.openqa.selenium.remote.service.DriverCommandExecutor.invokeExecute(DriverCommandExecutor.java:183)
 org.openqa.selenium.remote.service.DriverCommandExecutor.execute(DriverCommandExecutor.java:158)
 org.openqa.selenium.remote.RemoteWebDriver.execute(RemoteWebDriver.java:543)
 org.openqa.selenium.remote.RemoteWebDriver.execute(RemoteWebDriver.java:598)
 org.openqa.selenium.remote.RemoteWebDriver.execute(RemoteWebDriver.java:602)
 org.openqa.selenium.remote.RemoteWebDriver.getScreenshotAs(RemoteWebDriver.java:318)
 com.shaft.gui.internal.image.ScreenshotManager.takeViewportScreenshot(ScreenshotManager.java:236)
 com.shaft.gui.internal.image.ScreenshotManager.takeFullPageScreenshot(ScreenshotManager.java:263)
 com.shaft.gui.internal.image.ScreenshotManager.takeScreenshot(ScreenshotManager.java:427)
 com.shaft.gui.internal.image.ScreenshotManager.internalCaptureScreenShot(ScreenshotManager.java:373)
 com.shaft.gui.internal.image.ScreenshotManager.captureScreenShot(ScreenshotManager.java:124)
 com.shaft.gui.element.internal.ElementActionsHelper.takeScreenshot(ElementActionsHelper.java:594)
 com.shaft.gui.element.internal.ElementActionsHelper.createReportAttachments(ElementActionsHelper.java:1018)
 com.shaft.gui.element.internal.ElementActionsHelper.reportActionResult(ElementActionsHelper.java:1056)
 com.shaft.gui.element.internal.ElementActionsHelper.failAction(ElementActionsHelper.java:957)
 com.shaft.gui.element.internal.ElementActionsHelper.failAction(ElementActionsHelper.java:899)
 com.shaft.gui.element.internal.FluentElementActions.waitToBeReady(FluentElementActions.java:1005)
 com.shaft.gui.element.internal.FluentElementActions.waitToBeReady(FluentElementActions.java:976)
 com.pages.RegisterPage.addAllData(RegisterPage.java:83)
 TestCases.RegisterTest.TC_002(RegisterTest.java:35)
 java.base/jdk.internal.reflect.DirectMethodHandleAccessor.invoke(DirectMethodHandleAccessor.java:104)
 java.base/java.lang.reflect.Method.invoke(Method.java:578)
 org.testng.internal.invokers.MethodInvocationHelper.invokeMethod(MethodInvocationHelper.java:139)
 org.testng.internal.invokers.TestInvoker.invokeMethod(TestInvoker.java:677)
 org.testng.internal.invokers.TestInvoker.invokeTestMethod(TestInvoker.java:221)
 org.testng.internal.invokers.MethodRunner.runInSequence(MethodRunner.java:50)
 org.testng.internal.invokers.TestInvoker$MethodInvocationAgent.invoke(TestInvoker.java:969)
 org.testng.internal.invokers.TestInvoker.invokeTestMethods(TestInvoker.java:194)
 org.testng.internal.invokers.TestMethodWorker.invokeTestMethods(TestMethodWorker.java:148)
 org.testng.internal.invokers.TestMethodWorker.run(TestMethodWorker.java:128)
 java.base/java.util.ArrayList.forEach(ArrayList.java:1511)
 org.testng.TestRunner.privateRun(TestRunner.java:829)
 org.testng.TestRunner.run(TestRunner.java:602)
 org.testng.SuiteRunner.runTest(SuiteRunner.java:437)
 org.testng.SuiteRunner.runSequentially(SuiteRunner.java:431)
 org.testng.SuiteRunner.privateRun(SuiteRunner.java:391)
 org.testng.SuiteRunner.run(SuiteRunner.java:330)
 org.testng.SuiteRunnerWorker.runSuite(SuiteRunnerWorker.java:52)
 org.testng.SuiteRunnerWorker.run(SuiteRunnerWorker.java:95)
 org.testng.TestNG.runSuitesSequentially(TestNG.java:1256)
 org.testng.TestNG.runSuitesLocally(TestNG.java:1176)
 org.testng.TestNG.runSuites(TestNG.java:1099)
 org.testng.TestNG.run(TestNG.java:1067)
 com.intellij.rt.testng.IDEARemoteTestNG.run(IDEARemoteTestNG.java:66)
 com.intellij.rt.testng.RemoteTestNGStarter.main(RemoteTestNGStarter.java:109)

Caused by: java.net.http.HttpTimeoutException: request timed out
 java.net.http/jdk.internal.net.http.HttpClientImpl.send(HttpClientImpl.java:844)
 java.net.http/jdk.internal.net.http.HttpClientFacade.send(HttpClientFacade.java:123)
 org.openqa.selenium.remote.http.jdk.JdkHttpClient.execute(JdkHttpClient.java:299)
 org.openqa.selenium.remote.HttpCommandExecutor.execute(HttpCommandExecutor.java:190)
 org.openqa.selenium.remote.service.DriverCommandExecutor.invokeExecute(DriverCommandExecutor.java:183)
 org.openqa.selenium.remote.service.DriverCommandExecutor.execute(DriverCommandExecutor.java:158)
 org.openqa.selenium.remote.RemoteWebDriver.execute(RemoteWebDriver.java:543)
 org.openqa.selenium.remote.RemoteWebDriver.execute(RemoteWebDriver.java:598)
 org.openqa.selenium.remote.RemoteWebDriver.execute(RemoteWebDriver.java:602)
 org.openqa.selenium.remote.RemoteWebDriver.getScreenshotAs(RemoteWebDriver.java:318)
 com.shaft.gui.internal.image.ScreenshotManager.takeViewportScreenshot(ScreenshotManager.java:236)
 com.shaft.gui.internal.image.ScreenshotManager.takeFullPageScreenshot(ScreenshotManager.java:263)
 com.shaft.gui.internal.image.ScreenshotManager.takeScreenshot(ScreenshotManager.java:427)
 com.shaft.gui.internal.image.ScreenshotManager.internalCaptureScreenShot(ScreenshotManager.java:373)
 com.shaft.gui.internal.image.ScreenshotManager.captureScreenShot(ScreenshotManager.java:124)
 com.shaft.gui.element.internal.ElementActionsHelper.takeScreenshot(ElementActionsHelper.java:594)
 com.shaft.gui.element.internal.ElementActionsHelper.createReportAttachments(ElementActionsHelper.java:1018)
 com.shaft.gui.element.internal.ElementActionsHelper.reportActionResult(ElementActionsHelper.java:1056)
 com.shaft.gui.element.internal.ElementActionsHelper.failAction(ElementActionsHelper.java:957)
 com.shaft.gui.element.internal.ElementActionsHelper.failAction(ElementActionsHelper.java:899)
 com.shaft.gui.element.internal.FluentElementActions.waitToBeReady(FluentElementActions.java:1005)
 com.shaft.gui.element.internal.FluentElementActions.waitToBeReady(FluentElementActions.java:976)
 com.pages.RegisterPage.addAllData(RegisterPage.java:83)
 TestCases.RegisterTest.TC_002(RegisterTest.java:35)
 java.base/jdk.internal.reflect.DirectMethodHandleAccessor.invoke(DirectMethodHandleAccessor.java:104)
 java.base/java.lang.reflect.Method.invoke(Method.java:578)
 org.testng.internal.invokers.MethodInvocationHelper.invokeMethod(MethodInvocationHelper.java:139)
 org.testng.internal.invokers.TestInvoker.invokeMethod(TestInvoker.java:677)
 org.testng.internal.invokers.TestInvoker.invokeTestMethod(TestInvoker.java:221)
 org.testng.internal.invokers.MethodRunner.runInSequence(MethodRunner.java:50)
 org.testng.internal.invokers.TestInvoker$MethodInvocationAgent.invoke(TestInvoker.java:969)
 org.testng.internal.invokers.TestInvoker.invokeTestMethods(TestInvoker.java:194)
 org.testng.internal.invokers.TestMethodWorker.invokeTestMethods(TestMethodWorker.java:148)
 org.testng.internal.invokers.TestMethodWorker.run(TestMethodWorker.java:128)
 java.base/java.util.ArrayList.forEach(ArrayList.java:1511)
 org.testng.TestRunner.privateRun(TestRunner.java:829)
 org.testng.TestRunner.run(TestRunner.java:602)
 org.testng.SuiteRunner.runTest(SuiteRunner.java:437)
 org.testng.SuiteRunner.runSequentially(SuiteRunner.java:431)
 org.testng.SuiteRunner.privateRun(SuiteRunner.java:391)
 org.testng.SuiteRunner.run(SuiteRunner.java:330)
 org.testng.SuiteRunnerWorker.runSuite(SuiteRunnerWorker.java:52)
 org.testng.SuiteRunnerWorker.run(SuiteRunnerWorker.java:95)
 org.testng.TestNG.runSuitesSequentially(TestNG.java:1256)
 org.testng.TestNG.runSuitesLocally(TestNG.java:1176)
 org.testng.TestNG.runSuites(TestNG.java:1099)
 org.testng.TestNG.run(TestNG.java:1067)
 com.intellij.rt.testng.IDEARemoteTestNG.run(IDEARemoteTestNG.java:66)
 com.intellij.rt.testng.RemoteTestNGStarter.main(RemoteTestNGStarter.java:109) @07-03-2024 16:22:38.0766 PM
[ReportManager] Failed to Wait to be ready "Waited for the element's state of visibility to be (true). Element locator (By.xpath: //p[@class="mb-8"])". Root cause: "java.lang.StringIndexOutOfBoundsException: Range [0, -1) out of bounds for length 17" @07-03-2024 16:23:40.0859 PM
[ReportManager] Successfully created attachment 'Screenshot - 1709821419760_TC_002_Wait to be ready_failed' @07-03-2024 16:23:40.0874 PM
[ReportManager] Successfully created attachment 'Element Action Exception - Wait to be ready - Stacktrace' @07-03-2024 16:23:40.0881 PM