{"uuid":"d34437c8-b8e4-4e6d-92db-c578e5c50c2a","historyId":"738483bc997dafa331aaa149e81823a0","fullName":"TestCases.RegisterTest.TC_002","labels":[{"name":"package","value":"TestCases.RegisterTest"},{"name":"testClass","value":"TestCases.RegisterTest"},{"name":"testMethod","value":"TC_002"},{"name":"parentSuite","value":"Provider"},{"name":"suite","value":"TestOnFirefox"},{"name":"subSuite","value":"TestCases.RegisterTest"},{"name":"host","value":"FIS-523"},{"name":"thread","value":"13352@FIS-523.main(1)"},{"name":"framework","value":"testng"},{"name":"language","value":"java"}],"links":[],"name":"TC_002","status":"failed","statusDetails":{"known":false,"muted":false,"flaky":false,"message":"Failed to Wait to be ready \"Waited for the element's state of visibility to be (true). Element locator (By.xpath: //p[@class=\"mb-8\"])\". Root cause: \"java.lang.StringIndexOutOfBoundsException: Range [0, -1) out of bounds for length 17\"","trace":"java.lang.AssertionError: Failed to Wait to be ready \"Waited for the element's state of visibility to be (true). Element locator (By.xpath: //p[@class=\"mb-8\"])\". Root cause: \"java.lang.StringIndexOutOfBoundsException: Range [0, -1) out of bounds for length 17\"\r\n\tat org.testng.Assert.fail(Assert.java:110)\r\n\tat com.shaft.gui.element.internal.ElementActionsHelper.failAction(ElementActionsHelper.java:962)\r\n\tat com.shaft.gui.element.internal.ElementActionsHelper.failAction(ElementActionsHelper.java:899)\r\n\tat com.shaft.gui.element.internal.FluentElementActions.waitToBeReady(FluentElementActions.java:1005)\r\n\tat com.shaft.gui.element.internal.FluentElementActions.waitToBeReady(FluentElementActions.java:976)\r\n\tat com.pages.RegisterPage.addAllData(RegisterPage.java:83)\r\n\tat TestCases.RegisterTest.TC_002(RegisterTest.java:35)\r\n\tat java.base/jdk.internal.reflect.DirectMethodHandleAccessor.invoke(DirectMethodHandleAccessor.java:104)\r\n\tat java.base/java.lang.reflect.Method.invoke(Method.java:578)\r\n\tat org.testng.internal.invokers.MethodInvocationHelper.invokeMethod(MethodInvocationHelper.java:139)\r\n\tat org.testng.internal.invokers.TestInvoker.invokeMethod(TestInvoker.java:677)\r\n\tat org.testng.internal.invokers.TestInvoker.invokeTestMethod(TestInvoker.java:221)\r\n\tat org.testng.internal.invokers.MethodRunner.runInSequence(MethodRunner.java:50)\r\n\tat org.testng.internal.invokers.TestInvoker$MethodInvocationAgent.invoke(TestInvoker.java:969)\r\n\tat org.testng.internal.invokers.TestInvoker.invokeTestMethods(TestInvoker.java:194)\r\n\tat org.testng.internal.invokers.TestMethodWorker.invokeTestMethods(TestMethodWorker.java:148)\r\n\tat org.testng.internal.invokers.TestMethodWorker.run(TestMethodWorker.java:128)\r\n\tat java.base/java.util.ArrayList.forEach(ArrayList.java:1511)\r\n\tat org.testng.TestRunner.privateRun(TestRunner.java:829)\r\n\tat org.testng.TestRunner.run(TestRunner.java:602)\r\n\tat org.testng.SuiteRunner.runTest(SuiteRunner.java:437)\r\n\tat org.testng.SuiteRunner.runSequentially(SuiteRunner.java:431)\r\n\tat org.testng.SuiteRunner.privateRun(SuiteRunner.java:391)\r\n\tat org.testng.SuiteRunner.run(SuiteRunner.java:330)\r\n\tat org.testng.SuiteRunnerWorker.runSuite(SuiteRunnerWorker.java:52)\r\n\tat org.testng.SuiteRunnerWorker.run(SuiteRunnerWorker.java:95)\r\n\tat org.testng.TestNG.runSuitesSequentially(TestNG.java:1256)\r\n\tat org.testng.TestNG.runSuitesLocally(TestNG.java:1176)\r\n\tat org.testng.TestNG.runSuites(TestNG.java:1099)\r\n\tat org.testng.TestNG.run(TestNG.java:1067)\r\n\tat com.intellij.rt.testng.IDEARemoteTestNG.run(IDEARemoteTestNG.java:66)\r\n\tat com.intellij.rt.testng.RemoteTestNGStarter.main(RemoteTestNGStarter.java:109)\r\n"},"stage":"finished","steps":[{"name":"Click \"No account?\".","status":"passed","stage":"finished","steps":[],"attachments":[],"parameters":[],"start":1709820815455,"stop":1709820815455},{"name":"Type append \"TaniaO-@gmail.com\" into \"mail@mail.com\".","status":"passed","stage":"finished","steps":[],"attachments":[],"parameters":[],"start":1709820816687,"stop":1709820816687},{"name":"Select \"Dr.\" from \"By.name: name.personalTitle\".","status":"passed","stage":"finished","steps":[],"attachments":[],"parameters":[],"start":1709820817246,"stop":1709820817246},{"name":"Type append \"Hung\" into \"First Name\".","status":"passed","stage":"finished","steps":[],"attachments":[],"parameters":[],"start":1709820817334,"stop":1709820817334},{"name":"Type append \"D'Amore\" into \"Last Name\".","status":"passed","stage":"finished","steps":[],"attachments":[],"parameters":[],"start":1709820817391,"stop":1709820817391},{"name":"Select \"PhD\" from \"By.name: name.postNominalLetters\".","status":"passed","stage":"finished","steps":[],"attachments":[],"parameters":[],"start":1709820818263,"stop":1709820818263},{"name":"Type append \"P@ssw0rdP@ssw0rd\" into \"Password\".","status":"passed","stage":"finished","steps":[],"attachments":[],"parameters":[],"start":1709820818334,"stop":1709820818334},{"name":"Type append \"P@ssw0rdP@ssw0rd\" into \"Password one more time\".","status":"passed","stage":"finished","steps":[],"attachments":[],"parameters":[],"start":1709820818400,"stop":1709820818400},{"name":"Click \"Create account\".","status":"passed","stage":"finished","steps":[],"attachments":[],"parameters":[],"start":1709820818719,"stop":1709820818719},{"name":"Failed to Wait to be ready \"Waited for the element's state of visibility to be (true). Element locator (By.xpath: //p[@class=\"mb-8\"])\". Root cause: \"java.lang.StringIndexOutOfBoundsException: Range [0, -1) out of bounds for length 17\"","status":"passed","statusDetails":{"known":false,"muted":false,"flaky":false,"trace":"java.io.ByteArrayInputStream@63c5a25d\r\njava.lang.StringIndexOutOfBoundsException: Range [0, -1) out of bounds for length 17\r\n java.base/jdk.internal.util.Preconditions$1.apply(Preconditions.java:55)\r\n java.base/jdk.internal.util.Preconditions$1.apply(Preconditions.java:52)\r\n java.base/jdk.internal.util.Preconditions$4.apply(Preconditions.java:213)\r\n java.base/jdk.internal.util.Preconditions$4.apply(Preconditions.java:210)\r\n java.base/jdk.internal.util.Preconditions.outOfBounds(Preconditions.java:98)\r\n java.base/jdk.internal.util.Preconditions.outOfBoundsCheckFromToIndex(Preconditions.java:112)\r\n java.base/jdk.internal.util.Preconditions.checkFromToIndex(Preconditions.java:349)\r\n java.base/java.lang.String.checkBoundsBeginEnd(String.java:4602)\r\n java.base/java.lang.String.substring(String.java:2715)\r\n com.shaft.gui.element.internal.ElementActionsHelper.waitForElementPresence(ElementActionsHelper.java:238)\r\n com.shaft.gui.element.internal.ElementActionsHelper.getMatchingElementsInformation(ElementActionsHelper.java:833)\r\n com.shaft.gui.element.internal.ElementActionsHelper.identifyUniqueElement(ElementActionsHelper.java:796)\r\n com.shaft.gui.element.internal.ElementActionsHelper.performActionAgainstUniqueElementIgnoringVisibility(ElementActionsHelper.java:783)\r\n com.shaft.gui.element.internal.FluentElementActions.waitToBeReady(FluentElementActions.java:984)\r\n com.shaft.gui.element.internal.FluentElementActions.waitToBeReady(FluentElementActions.java:976)\r\n com.pages.RegisterPage.addAllData(RegisterPage.java:83)\r\n TestCases.RegisterTest.TC_002(RegisterTest.java:35)\r\n java.base/jdk.internal.reflect.DirectMethodHandleAccessor.invoke(DirectMethodHandleAccessor.java:104)\r\n java.base/java.lang.reflect.Method.invoke(Method.java:578)\r\n org.testng.internal.invokers.MethodInvocationHelper.invokeMethod(MethodInvocationHelper.java:139)\r\n org.testng.internal.invokers.TestInvoker.invokeMethod(TestInvoker.java:677)\r\n org.testng.internal.invokers.TestInvoker.invokeTestMethod(TestInvoker.java:221)\r\n org.testng.internal.invokers.MethodRunner.runInSequence(MethodRunner.java:50)\r\n org.testng.internal.invokers.TestInvoker$MethodInvocationAgent.invoke(TestInvoker.java:969)\r\n org.testng.internal.invokers.TestInvoker.invokeTestMethods(TestInvoker.java:194)\r\n org.testng.internal.invokers.TestMethodWorker.invokeTestMethods(TestMethodWorker.java:148)\r\n org.testng.internal.invokers.TestMethodWorker.run(TestMethodWorker.java:128)\r\n java.base/java.util.ArrayList.forEach(ArrayList.java:1511)\r\n org.testng.TestRunner.privateRun(TestRunner.java:829)\r\n org.testng.TestRunner.run(TestRunner.java:602)\r\n org.testng.SuiteRunner.runTest(SuiteRunner.java:437)\r\n org.testng.SuiteRunner.runSequentially(SuiteRunner.java:431)\r\n org.testng.SuiteRunner.privateRun(SuiteRunner.java:391)\r\n org.testng.SuiteRunner.run(SuiteRunner.java:330)\r\n org.testng.SuiteRunnerWorker.runSuite(SuiteRunnerWorker.java:52)\r\n org.testng.SuiteRunnerWorker.run(SuiteRunnerWorker.java:95)\r\n org.testng.TestNG.runSuitesSequentially(TestNG.java:1256)\r\n org.testng.TestNG.runSuitesLocally(TestNG.java:1176)\r\n org.testng.TestNG.runSuites(TestNG.java:1099)\r\n org.testng.TestNG.run(TestNG.java:1067)\r\n com.intellij.rt.testng.IDEARemoteTestNG.run(IDEARemoteTestNG.java:66)\r\n com.intellij.rt.testng.RemoteTestNGStarter.main(RemoteTestNGStarter.java:109)"},"stage":"finished","steps":[],"attachments":[{"name":"Screenshot - 1709821419760_TC_002_Wait to be ready_failed","source":"aefc92e6-1135-4c46-a455-2f9191cf3b88-attachment.png","type":"image/png"},{"name":"Element Action Exception - Wait to be ready - Stacktrace","source":"e3945cde-c056-4458-8f44-37cc5d3c814a-attachment"}],"parameters":[{"name":"logText","value":"Failed to Wait to be ready \"Waited for the element's state of visibility to be (true). Element locator (By.xpath: //p[@class=\"mb-8\"])\". Root cause: \"java.lang.StringIndexOutOfBoundsException: Range [0, -1) out of bounds for length 17\""},{"name":"attachments","value":"[[Screenshot, 1709821419760_TC_002_Wait to be ready_failed, java.io.ByteArrayInputStream@63c5a25d], [Element Action Exception - Wait to be ready, Stacktrace, java.lang.StringIndexOutOfBoundsException: Range [0, -1) out of bounds for length 17\r\n java.base/jdk.internal.util.Preconditions$1.apply(Preconditions.java:55)\r\n java.base/jdk.internal.util.Preconditions$1.apply(Preconditions.java:52)\r\n java.base/jdk.internal.util.Preconditions$4.apply(Preconditions.java:213)\r\n java.base/jdk.internal.util.Preconditions$4.apply(Preconditions.java:210)\r\n java.base/jdk.internal.util.Preconditions.outOfBounds(Preconditions.java:98)\r\n java.base/jdk.internal.util.Preconditions.outOfBoundsCheckFromToIndex(Preconditions.java:112)\r\n java.base/jdk.internal.util.Preconditions.checkFromToIndex(Preconditions.java:349)\r\n java.base/java.lang.String.checkBoundsBeginEnd(String.java:4602)\r\n java.base/java.lang.String.substring(String.java:2715)\r\n com.shaft.gui.element.internal.ElementActionsHelper.waitForElementPresence(ElementActionsHelper.java:238)\r\n com.shaft.gui.element.internal.ElementActionsHelper.getMatchingElementsInformation(ElementActionsHelper.java:833)\r\n com.shaft.gui.element.internal.ElementActionsHelper.identifyUniqueElement(ElementActionsHelper.java:796)\r\n com.shaft.gui.element.internal.ElementActionsHelper.performActionAgainstUniqueElementIgnoringVisibility(ElementActionsHelper.java:783)\r\n com.shaft.gui.element.internal.FluentElementActions.waitToBeReady(FluentElementActions.java:984)\r\n com.shaft.gui.element.internal.FluentElementActions.waitToBeReady(FluentElementActions.java:976)\r\n com.pages.RegisterPage.addAllData(RegisterPage.java:83)\r\n TestCases.RegisterTest.TC_002(RegisterTest.java:35)\r\n java.base/jdk.internal.reflect.DirectMethodHandleAccessor.invoke(DirectMethodHandleAccessor.java:104)\r\n java.base/java.lang.reflect.Method.invoke(Method.java:578)\r\n org.testng.internal.invokers.MethodInvocationHelper.invokeMethod(MethodInvocationHelper.java:139)\r\n org.testng.internal.invokers.TestInvoker.invokeMethod(TestInvoker.java:677)\r\n org.testng.internal.invokers.TestInvoker.invokeTestMethod(TestInvoker.java:221)\r\n org.testng.internal.invokers.MethodRunner.runInSequence(MethodRunner.java:50)\r\n org.testng.internal.invokers.TestInvoker$MethodInvocationAgent.invoke(TestInvoker.java:969)\r\n org.testng.internal.invokers.TestInvoker.invokeTestMethods(TestInvoker.java:194)\r\n org.testng.internal.invokers.TestMethodWorker.invokeTestMethods(TestMethodWorker.java:148)\r\n org.testng.internal.invokers.TestMethodWorker.run(TestMethodWorker.java:128)\r\n java.base/java.util.ArrayList.forEach(ArrayList.java:1511)\r\n org.testng.TestRunner.privateRun(TestRunner.java:829)\r\n org.testng.TestRunner.run(TestRunner.java:602)\r\n org.testng.SuiteRunner.runTest(SuiteRunner.java:437)\r\n org.testng.SuiteRunner.runSequentially(SuiteRunner.java:431)\r\n org.testng.SuiteRunner.privateRun(SuiteRunner.java:391)\r\n org.testng.SuiteRunner.run(SuiteRunner.java:330)\r\n org.testng.SuiteRunnerWorker.runSuite(SuiteRunnerWorker.java:52)\r\n org.testng.SuiteRunnerWorker.run(SuiteRunnerWorker.java:95)\r\n org.testng.TestNG.runSuitesSequentially(TestNG.java:1256)\r\n org.testng.TestNG.runSuitesLocally(TestNG.java:1176)\r\n org.testng.TestNG.runSuites(TestNG.java:1099)\r\n org.testng.TestNG.run(TestNG.java:1067)\r\n com.intellij.rt.testng.IDEARemoteTestNG.run(IDEARemoteTestNG.java:66)\r\n com.intellij.rt.testng.RemoteTestNGStarter.main(RemoteTestNGStarter.java:109)\r\n]]"},{"name":"status","value":"FAIL"}],"start":1709821420858,"stop":1709821420881}],"attachments":[{"name":"SHAFT Engine Logs - Current Method log: TC_002","source":"85908928-a0fa-4096-a7bc-d3065e55cd92-attachment.txt","type":"text/plain"}],"parameters":[{"name":"browserName","value":"SHAFT"}],"start":1709820811702,"stop":1709821420904}